# JRE version: OpenJDK Runtime Environment Temurin-21.0.10+7 (21.0.10+7) (build 21.0.10+7-LTS)
# Java VM: OpenJDK 64-Bit Server VM Temurin-21.0.10+7 (21.0.10+7-LTS, mixed mode, sharing, tiered, compressed oops, compressed class ptrs, g1 gc, windows-amd64)
GC Precious Log:
 CardTable entry size: 512
 Card Set container configuration: InlinePtr #cards 5 size 8 Array Of Cards #cards 12 size 40 Howl #buckets 4 coarsen threshold 1843 Howl Bitmap #cards 512 size 80 coarsen threshold 460 Card regions per heap region 1 cards per card region 2048
 CPUs: 12 total, 12 available
 Memory: 7863M
 Large Page Support: Disabled
 NUMA Support: Disabled
 Compressed Oops: Enabled (32-bit)
 Heap Region Size: 1M
 Heap Min Capacity: 8M
 Heap Initial Capacity: 124M
 Heap Max Capacity: 2G
 Pre-touch: Disabled
 Parallel Workers: 10
 Concurrent Workers: 3
 Concurrent Refinement Workers: 10
 Periodic GC: Disabled
Heap:
 garbage-first heap   total 89088K, used 47294K [0x0000000080000000, 0x0000000100000000)
  region size 1024K, 14 young (14336K), 4 survivors (4096K)
 Metaspace       used 47780K, committed 49472K, reserved 917504K
  class space    used 7064K, committed 7872K, reserved 851968K
GC Heap History (20 events):
Event: 3.522 GC heap before
{Heap before GC invocations=1 (full 0):
 garbage-first heap   total 126976K, used 40416K [0x0000000080000000, 0x0000000100000000)
  region size 1024K, 38 young (38912K), 3 survivors (3072K)
 Metaspace       used 4415K, committed 4544K, reserved 917504K
  class space    used 560K, committed 640K, reserved 851968K
}
Event: 3.538 GC heap after
{Heap after GC invocations=2 (full 0):
 garbage-first heap   total 126976K, used 10885K [0x0000000080000000, 0x0000000100000000)
  region size 1024K, 5 young (5120K), 5 survivors (5120K)
 Metaspace       used 4415K, committed 4544K, reserved 917504K
  class space    used 560K, committed 640K, reserved 851968K
}
Event: 6.516 GC heap before
{Heap before GC invocations=2 (full 0):
 garbage-first heap   total 126976K, used 59013K [0x0000000080000000, 0x0000000100000000)
  region size 1024K, 50 young (51200K), 5 survivors (5120K)
 Metaspace       used 5692K, committed 5952K, reserved 917504K
  class space    used 776K, committed 896K, reserved 851968K
}
Event: 6.544 GC heap after
{Heap after GC invocations=3 (full 0):
 garbage-first heap   total 126976K, used 17314K [0x0000000080000000, 0x0000000100000000)
  region size 1024K, 5 young (5120K), 5 survivors (5120K)
 Metaspace       used 5692K, committed 5952K, reserved 917504K
  class space    used 776K, committed 896K, reserved 851968K
}
Event: 13.676 GC heap before
{Heap before GC invocations=3 (full 0):
 garbage-first heap   total 126976K, used 86946K [0x0000000080000000, 0x0000000100000000)
  region size 1024K, 74 young (75776K), 5 survivors (5120K)
 Metaspace       used 18389K, committed 19008K, reserved 917504K
  class space    used 2662K, committed 2944K, reserved 851968K
}
Event: 13.696 GC heap after
{Heap after GC invocations=4 (full 0):
 garbage-first heap   total 126976K, used 22707K [0x0000000080000000, 0x0000000100000000)
  region size 1024K, 10 young (10240K), 10 survivors (10240K)
 Metaspace       used 18389K, committed 19008K, reserved 917504K
  class space    used 2662K, committed 2944K, reserved 851968K
}
Event: 15.662 GC heap before
{Heap before GC invocations=4 (full 0):
 garbage-first heap   total 126976K, used 41139K [0x0000000080000000, 0x0000000100000000)
  region size 1024K, 30 young (30720K), 10 survivors (10240K)
 Metaspace       used 20811K, committed 21504K, reserved 917504K
  class space    used 3076K, committed 3392K, reserved 851968K
}
Event: 15.685 GC heap after
{Heap after GC invocations=5 (full 0):
 garbage-first heap   total 126976K, used 25142K [0x0000000080000000, 0x0000000100000000)
  region size 1024K, 3 young (3072K), 3 survivors (3072K)
 Metaspace       used 20811K, committed 21504K, reserved 917504K
  class space    used 3076K, committed 3392K, reserved 851968K
}
Event: 18.718 GC heap before
{Heap before GC invocations=6 (full 0):
 garbage-first heap   total 89088K, used 75318K [0x0000000080000000, 0x0000000100000000)
  region size 1024K, 52 young (53248K), 3 survivors (3072K)
 Metaspace       used 27778K, committed 28736K, reserved 917504K
  class space    used 4163K, committed 4608K, reserved 851968K
}
Event: 18.732 GC heap after
{Heap after GC invocations=7 (full 0):
 garbage-first heap   total 89088K, used 27534K [0x0000000080000000, 0x0000000100000000)
  region size 1024K, 5 young (5120K), 5 survivors (5120K)
 Metaspace       used 27778K, committed 28736K, reserved 917504K
  class space    used 4163K, committed 4608K, reserved 851968K
}
Event: 20.634 GC heap before
{Heap before GC invocations=7 (full 0):
 garbage-first heap   total 89088K, used 75662K [0x0000000080000000, 0x0000000100000000)
  region size 1024K, 51 young (52224K), 5 survivors (5120K)
 Metaspace       used 34122K, committed 35200K, reserved 917504K
  class space    used 4789K, committed 5312K, reserved 851968K
}
Event: 20.645 GC heap after
{Heap after GC invocations=8 (full 0):
 garbage-first heap   total 89088K, used 31694K [0x0000000080000000, 0x0000000100000000)
  region size 1024K, 7 young (7168K), 7 survivors (7168K)
 Metaspace       used 34122K, committed 35200K, reserved 917504K
  class space    used 4789K, committed 5312K, reserved 851968K
}
Event: 21.441 GC heap before
{Heap before GC invocations=8 (full 0):
 garbage-first heap   total 89088K, used 60366K [0x0000000080000000, 0x0000000100000000)
  region size 1024K, 36 young (36864K), 7 survivors (7168K)
 Metaspace       used 34907K, committed 35968K, reserved 917504K
  class space    used 4922K, committed 5440K, reserved 851968K
}
Event: 21.452 GC heap after
{Heap after GC invocations=9 (full 0):
 garbage-first heap   total 89088K, used 32692K [0x0000000080000000, 0x0000000100000000)
  region size 1024K, 5 young (5120K), 5 survivors (5120K)
 Metaspace       used 34907K, committed 35968K, reserved 917504K
  class space    used 4922K, committed 5440K, reserved 851968K
}
Event: 23.769 GC heap before
{Heap before GC invocations=10 (full 0):
 garbage-first heap   total 89088K, used 77748K [0x0000000080000000, 0x0000000100000000)
  region size 1024K, 49 young (50176K), 5 survivors (5120K)
 Metaspace       used 39886K, committed 41408K, reserved 917504K
  class space    used 5788K, committed 6528K, reserved 851968K
}
Event: 23.781 GC heap after
{Heap after GC invocations=11 (full 0):
 garbage-first heap   total 89088K, used 34825K [0x0000000080000000, 0x0000000100000000)
  region size 1024K, 4 young (4096K), 4 survivors (4096K)
 Metaspace       used 39886K, committed 41408K, reserved 917504K
  class space    used 5788K, committed 6528K, reserved 851968K
}
Event: 26.059 GC heap before
{Heap before GC invocations=11 (full 0):
 garbage-first heap   total 89088K, used 77833K [0x0000000080000000, 0x0000000100000000)
  region size 1024K, 46 young (47104K), 4 survivors (4096K)
 Metaspace       used 42485K, committed 44096K, reserved 917504K
  class space    used 6206K, committed 6976K, reserved 851968K
}
Event: 26.067 GC heap after
{Heap after GC invocations=12 (full 0):
 garbage-first heap   total 89088K, used 36216K [0x0000000080000000, 0x0000000100000000)
  region size 1024K, 5 young (5120K), 5 survivors (5120K)
 Metaspace       used 42485K, committed 44096K, reserved 917504K
  class space    used 6206K, committed 6976K, reserved 851968K
}
Event: 29.298 GC heap before
{Heap before GC invocations=12 (full 0):
 garbage-first heap   total 89088K, used 79224K [0x0000000080000000, 0x0000000100000000)
  region size 1024K, 47 young (48128K), 5 survivors (5120K)
 Metaspace       used 46960K, committed 48576K, reserved 917504K
  class space    used 6939K, committed 7744K, reserved 851968K
}
Event: 29.310 GC heap after
{Heap after GC invocations=13 (full 0):
 garbage-first heap   total 89088K, used 38078K [0x0000000080000000, 0x0000000100000000)
  region size 1024K, 4 young (4096K), 4 survivors (4096K)
 Metaspace       used 46960K, committed 48576K, reserved 917504K
  class space    used 6939K, committed 7744K, reserved 851968K
}

